13:45:34 INFO  : Launching XSCT server: xsct -n  -interactive /home/andy/Downloads/DMA/register-mode-dma/software/temp_xsdb_launch_script.tcl
13:45:34 INFO  : Platform repository initialization has completed.
13:45:34 INFO  : Registering command handlers for Vitis TCF services
13:45:36 INFO  : XSCT server has started successfully.
13:45:37 INFO  : plnx-install-location is set to ''
13:45:37 INFO  : Successfully done setting XSCT server connection channel  
13:45:37 INFO  : Successfully done query RDI_DATADIR 
13:45:37 INFO  : Successfully done setting workspace for the tool. 
13:47:15 INFO  : Platform repository initialization has completed.
13:47:15 INFO  : Launching XSCT server: xsct -n  -interactive /home/andy/Downloads/DMA/register-mode-dma/software/temp_xsdb_launch_script.tcl
13:47:15 INFO  : Registering command handlers for Vitis TCF services
13:47:17 INFO  : XSCT server has started successfully.
13:47:17 INFO  : Successfully done setting XSCT server connection channel  
13:47:17 INFO  : plnx-install-location is set to ''
13:47:17 INFO  : Successfully done setting workspace for the tool. 
13:47:17 INFO  : Successfully done query RDI_DATADIR 
13:48:56 INFO  : Result from executing command 'getProjects': dma_platform
13:48:56 INFO  : Result from executing command 'getPlatforms': 
13:51:38 INFO  : Result from executing command 'getProjects': dma_platform
13:51:38 INFO  : Result from executing command 'getPlatforms': dma_platform|/home/andy/Downloads/DMA/register-mode-dma/software/dma_platform/export/dma_platform/dma_platform.xpfm
13:51:41 INFO  : Checking for BSP changes to sync application flags for project 'dma_host'...
13:59:29 INFO  : Checking for BSP changes to sync application flags for project 'dma_host'...
13:59:32 INFO  : Checking for BSP changes to sync application flags for project 'dma_host'...
13:59:49 INFO  : Connected to target on host '127.0.0.1' and port '3121'.
13:59:49 INFO  : 'targets -set -filter {jtag_cable_name =~ "Digilent Zybo Z7 210351B3FED9A" && level==0 && jtag_device_ctx=="jsn-Zybo Z7-210351B3FED9A-13722093-0"}' command is executed.
13:59:50 INFO  : Device configured successfully with "/home/andy/Downloads/DMA/register-mode-dma/software/dma_host/_ide/bitstream/design_1_wrapper.bit"
13:59:56 INFO  : Connected to target on host '127.0.0.1' and port '3121'.
13:59:56 INFO  : Jtag cable 'Digilent Zybo Z7 210351B3FED9A' is selected.
13:59:56 INFO  : 'jtag frequency' command is executed.
13:59:56 INFO  : Context for 'APU' is selected.
13:59:56 INFO  : System reset is completed.
13:59:59 INFO  : 'after 3000' command is executed.
14:00:00 INFO  : 'targets -set -filter {jtag_cable_name =~ "Digilent Zybo Z7 210351B3FED9A" && level==0 && jtag_device_ctx=="jsn-Zybo Z7-210351B3FED9A-13722093-0"}' command is executed.
14:00:01 INFO  : Device configured successfully with "/home/andy/Downloads/DMA/register-mode-dma/software/dma_host/_ide/bitstream/design_1_wrapper.bit"
14:00:01 INFO  : Context for 'APU' is selected.
14:00:01 INFO  : Hardware design and registers information is loaded from '/home/andy/Downloads/DMA/register-mode-dma/software/dma_platform/export/dma_platform/hw/design_1_wrapper.xsa'.
14:00:01 INFO  : 'configparams force-mem-access 1' command is executed.
14:00:01 INFO  : Context for 'APU' is selected.
14:00:01 INFO  : Sourcing of '/home/andy/Downloads/DMA/register-mode-dma/software/dma_host/_ide/psinit/ps7_init.tcl' is done.
14:00:01 INFO  : 'ps7_init' command is executed.
14:00:01 INFO  : 'ps7_post_config' command is executed.
14:00:01 INFO  : Context for processor 'ps7_cortexa9_0' is selected.
14:00:01 INFO  : The application '/home/andy/Downloads/DMA/register-mode-dma/software/dma_host/Debug/dma_host.elf' is downloaded to processor 'ps7_cortexa9_0'.
14:00:01 INFO  : 'configparams force-mem-access 0' command is executed.
14:00:01 INFO  : ----------------XSDB Script----------------
connect -url tcp:127.0.0.1:3121
targets -set -nocase -filter {name =~"APU*"}
rst -system
after 3000
targets -set -filter {jtag_cable_name =~ "Digilent Zybo Z7 210351B3FED9A" && level==0 && jtag_device_ctx=="jsn-Zybo Z7-210351B3FED9A-13722093-0"}
fpga -file /home/andy/Downloads/DMA/register-mode-dma/software/dma_host/_ide/bitstream/design_1_wrapper.bit
targets -set -nocase -filter {name =~"APU*"}
loadhw -hw /home/andy/Downloads/DMA/register-mode-dma/software/dma_platform/export/dma_platform/hw/design_1_wrapper.xsa -mem-ranges [list {0x40000000 0xbfffffff}] -regs
configparams force-mem-access 1
targets -set -nocase -filter {name =~"APU*"}
source /home/andy/Downloads/DMA/register-mode-dma/software/dma_host/_ide/psinit/ps7_init.tcl
ps7_init
ps7_post_config
targets -set -nocase -filter {name =~ "*A9*#0"}
dow /home/andy/Downloads/DMA/register-mode-dma/software/dma_host/Debug/dma_host.elf
configparams force-mem-access 0
----------------End of Script----------------

14:00:01 INFO  : Context for processor 'ps7_cortexa9_0' is selected.
14:00:01 INFO  : 'con' command is executed.
14:00:01 INFO  : ----------------XSDB Script (After Launch)----------------
targets -set -nocase -filter {name =~ "*A9*#0"}
con
----------------End of Script----------------

14:00:01 INFO  : Launch script is exported to file '/home/andy/Downloads/DMA/register-mode-dma/software/dma_host_system/_ide/scripts/systemdebugger_dma_host_system_standalone.tcl'
14:00:43 INFO  : Disconnected from the channel tcfchan#3.
13:05:39 INFO  : Launching XSCT server: xsct -n  -interactive /home/andy/Downloads/DMA/register-mode-dma/software/temp_xsdb_launch_script.tcl
13:05:40 INFO  : Platform repository initialization has completed.
13:05:40 INFO  : Registering command handlers for Vitis TCF services
13:05:41 INFO  : XSCT server has started successfully.
13:05:42 INFO  : plnx-install-location is set to ''
13:05:42 INFO  : Successfully done setting XSCT server connection channel  
13:05:42 INFO  : Successfully done query RDI_DATADIR 
13:05:42 INFO  : Successfully done setting workspace for the tool. 
13:06:32 INFO  : Result from executing command 'getProjects': dma_platform
13:06:32 INFO  : Result from executing command 'getPlatforms': dma_platform|/home/andy/Downloads/DMA/register-mode-dma/software/dma_platform/export/dma_platform/dma_platform.xpfm
13:06:36 INFO  : Checking for BSP changes to sync application flags for project 'dma_host'...
13:07:22 INFO  : Connected to target on host '127.0.0.1' and port '3121'.
13:07:22 INFO  : 'targets -set -filter {jtag_cable_name =~ "Digilent Zybo Z7 210351B3FED9A" && level==0 && jtag_device_ctx=="jsn-Zybo Z7-210351B3FED9A-13722093-0"}' command is executed.
13:07:23 INFO  : Device configured successfully with "/home/andy/Downloads/DMA/register-mode-dma/software/dma_host/_ide/bitstream/design_1_wrapper.bit"
13:07:35 INFO  : Connected to target on host '127.0.0.1' and port '3121'.
13:07:35 INFO  : Jtag cable 'Digilent Zybo Z7 210351B3FED9A' is selected.
13:07:35 INFO  : 'jtag frequency' command is executed.
13:07:35 INFO  : Context for 'APU' is selected.
13:07:35 INFO  : System reset is completed.
13:07:38 INFO  : 'after 3000' command is executed.
13:07:38 INFO  : 'targets -set -filter {jtag_cable_name =~ "Digilent Zybo Z7 210351B3FED9A" && level==0 && jtag_device_ctx=="jsn-Zybo Z7-210351B3FED9A-13722093-0"}' command is executed.
13:07:39 INFO  : Device configured successfully with "/home/andy/Downloads/DMA/register-mode-dma/software/dma_host/_ide/bitstream/design_1_wrapper.bit"
13:07:39 INFO  : Context for 'APU' is selected.
13:07:39 INFO  : Hardware design and registers information is loaded from '/home/andy/Downloads/DMA/register-mode-dma/software/dma_platform/export/dma_platform/hw/design_1_wrapper.xsa'.
13:07:39 INFO  : 'configparams force-mem-access 1' command is executed.
13:07:39 INFO  : Context for 'APU' is selected.
13:07:39 INFO  : Sourcing of '/home/andy/Downloads/DMA/register-mode-dma/software/dma_host/_ide/psinit/ps7_init.tcl' is done.
13:07:39 INFO  : 'ps7_init' command is executed.
13:07:39 INFO  : 'ps7_post_config' command is executed.
13:07:39 INFO  : Context for processor 'ps7_cortexa9_0' is selected.
13:07:40 INFO  : The application '/home/andy/Downloads/DMA/register-mode-dma/software/dma_host/Debug/dma_host.elf' is downloaded to processor 'ps7_cortexa9_0'.
13:07:40 INFO  : 'configparams force-mem-access 0' command is executed.
13:07:40 INFO  : ----------------XSDB Script----------------
connect -url tcp:127.0.0.1:3121
targets -set -nocase -filter {name =~"APU*"}
rst -system
after 3000
targets -set -filter {jtag_cable_name =~ "Digilent Zybo Z7 210351B3FED9A" && level==0 && jtag_device_ctx=="jsn-Zybo Z7-210351B3FED9A-13722093-0"}
fpga -file /home/andy/Downloads/DMA/register-mode-dma/software/dma_host/_ide/bitstream/design_1_wrapper.bit
targets -set -nocase -filter {name =~"APU*"}
loadhw -hw /home/andy/Downloads/DMA/register-mode-dma/software/dma_platform/export/dma_platform/hw/design_1_wrapper.xsa -mem-ranges [list {0x40000000 0xbfffffff}] -regs
configparams force-mem-access 1
targets -set -nocase -filter {name =~"APU*"}
source /home/andy/Downloads/DMA/register-mode-dma/software/dma_host/_ide/psinit/ps7_init.tcl
ps7_init
ps7_post_config
targets -set -nocase -filter {name =~ "*A9*#0"}
dow /home/andy/Downloads/DMA/register-mode-dma/software/dma_host/Debug/dma_host.elf
configparams force-mem-access 0
----------------End of Script----------------

13:07:40 INFO  : Context for processor 'ps7_cortexa9_0' is selected.
13:07:40 INFO  : 'con' command is executed.
13:07:40 INFO  : ----------------XSDB Script (After Launch)----------------
targets -set -nocase -filter {name =~ "*A9*#0"}
con
----------------End of Script----------------

13:07:40 INFO  : Launch script is exported to file '/home/andy/Downloads/DMA/register-mode-dma/software/dma_host_system/_ide/scripts/debugger_dma_host-default.tcl'
13:15:45 INFO  : Disconnected from the channel tcfchan#3.
13:15:46 INFO  : Connected to target on host '127.0.0.1' and port '3121'.
13:15:46 INFO  : Jtag cable 'Digilent Zybo Z7 210351B3FED9A' is selected.
13:15:46 ERROR : port closed
13:15:46 INFO  : ----------------XSDB Script----------------
connect -url tcp:127.0.0.1:3121
----------------End of Script----------------

13:15:46 ERROR : port closed
13:16:05 INFO  : Connected to target on host '127.0.0.1' and port '3121'.
13:16:06 INFO  : Jtag cable 'Digilent Zybo Z7 210351B3FED9A' is selected.
13:16:06 INFO  : 'jtag frequency' command is executed.
13:16:06 INFO  : Context for 'APU' is selected.
13:16:06 INFO  : System reset is completed.
13:16:09 INFO  : 'after 3000' command is executed.
13:16:09 INFO  : 'targets -set -filter {jtag_cable_name =~ "Digilent Zybo Z7 210351B3FED9A" && level==0 && jtag_device_ctx=="jsn-Zybo Z7-210351B3FED9A-13722093-0"}' command is executed.
13:16:10 INFO  : Device configured successfully with "/home/andy/Downloads/DMA/register-mode-dma/software/dma_host/_ide/bitstream/design_1_wrapper.bit"
13:16:10 INFO  : Context for 'APU' is selected.
13:16:10 INFO  : Hardware design and registers information is loaded from '/home/andy/Downloads/DMA/register-mode-dma/software/dma_platform/export/dma_platform/hw/design_1_wrapper.xsa'.
13:16:10 INFO  : 'configparams force-mem-access 1' command is executed.
13:16:10 INFO  : Context for 'APU' is selected.
13:16:10 INFO  : Sourcing of '/home/andy/Downloads/DMA/register-mode-dma/software/dma_host/_ide/psinit/ps7_init.tcl' is done.
13:16:10 INFO  : 'ps7_init' command is executed.
13:16:10 INFO  : 'ps7_post_config' command is executed.
13:16:10 INFO  : Context for processor 'ps7_cortexa9_0' is selected.
13:16:10 INFO  : The application '/home/andy/Downloads/DMA/register-mode-dma/software/dma_host/Debug/dma_host.elf' is downloaded to processor 'ps7_cortexa9_0'.
13:16:10 INFO  : 'configparams force-mem-access 0' command is executed.
13:16:10 INFO  : ----------------XSDB Script----------------
connect -url tcp:127.0.0.1:3121
targets -set -nocase -filter {name =~"APU*"}
rst -system
after 3000
targets -set -filter {jtag_cable_name =~ "Digilent Zybo Z7 210351B3FED9A" && level==0 && jtag_device_ctx=="jsn-Zybo Z7-210351B3FED9A-13722093-0"}
fpga -file /home/andy/Downloads/DMA/register-mode-dma/software/dma_host/_ide/bitstream/design_1_wrapper.bit
targets -set -nocase -filter {name =~"APU*"}
loadhw -hw /home/andy/Downloads/DMA/register-mode-dma/software/dma_platform/export/dma_platform/hw/design_1_wrapper.xsa -mem-ranges [list {0x40000000 0xbfffffff}] -regs
configparams force-mem-access 1
targets -set -nocase -filter {name =~"APU*"}
source /home/andy/Downloads/DMA/register-mode-dma/software/dma_host/_ide/psinit/ps7_init.tcl
ps7_init
ps7_post_config
targets -set -nocase -filter {name =~ "*A9*#0"}
dow /home/andy/Downloads/DMA/register-mode-dma/software/dma_host/Debug/dma_host.elf
configparams force-mem-access 0
----------------End of Script----------------

13:16:10 INFO  : Context for processor 'ps7_cortexa9_0' is selected.
13:16:10 INFO  : 'con' command is executed.
13:16:10 INFO  : ----------------XSDB Script (After Launch)----------------
targets -set -nocase -filter {name =~ "*A9*#0"}
con
----------------End of Script----------------

13:16:10 INFO  : Launch script is exported to file '/home/andy/Downloads/DMA/register-mode-dma/software/dma_host_system/_ide/scripts/debugger_dma_host-default.tcl'
13:16:56 INFO  : Disconnected from the channel tcfchan#4.
13:21:01 INFO  : Launching XSCT server: xsct -n  -interactive /home/andy/Downloads/Final_Project/Direct-Register-Mode-DMA/software/temp_xsdb_launch_script.tcl
13:21:01 ERROR : Error encountered while initializing user repository paths
Reason: No Platforms Found.


13:21:01 INFO  : Platform repository initialization has completed.
13:21:01 INFO  : Registering command handlers for Vitis TCF services
13:21:03 INFO  : XSCT server has started successfully.
13:21:03 INFO  : Successfully done setting XSCT server connection channel  
13:21:03 INFO  : plnx-install-location is set to ''
13:21:03 INFO  : Successfully done setting workspace for the tool. 
13:21:03 INFO  : Successfully done query RDI_DATADIR 
13:21:27 INFO  : Result from executing command 'getProjects': dma_platform
13:21:27 INFO  : Result from executing command 'getPlatforms': 
13:21:30 INFO  : Checking for BSP changes to sync application flags for project 'dma_host'...
13:21:35 INFO  : Connected to target on host '127.0.0.1' and port '3121'.
13:21:36 INFO  : Jtag cable 'Digilent Zybo Z7 210351B3FED9A' is selected.
13:21:36 INFO  : 'jtag frequency' command is executed.
13:21:36 INFO  : Context for 'APU' is selected.
13:21:36 INFO  : System reset is completed.
13:21:39 INFO  : 'after 3000' command is executed.
13:21:39 INFO  : 'targets -set -filter {jtag_cable_name =~ "Digilent Zybo Z7 210351B3FED9A" && level==0 && jtag_device_ctx=="jsn-Zybo Z7-210351B3FED9A-13722093-0"}' command is executed.
13:21:40 INFO  : Device configured successfully with "/home/andy/Downloads/Final_Project/Direct-Register-Mode-DMA/software/dma_host/_ide/bitstream/design_1_wrapper.bit"
13:21:40 INFO  : Context for 'APU' is selected.
13:21:40 INFO  : Hardware design and registers information is loaded from '/home/andy/Downloads/Final_Project/Direct-Register-Mode-DMA/software/dma_platform/export/dma_platform/hw/design_1_wrapper.xsa'.
13:21:40 INFO  : 'configparams force-mem-access 1' command is executed.
13:21:40 INFO  : Context for 'APU' is selected.
13:21:40 INFO  : Sourcing of '/home/andy/Downloads/Final_Project/Direct-Register-Mode-DMA/software/dma_host/_ide/psinit/ps7_init.tcl' is done.
13:21:40 INFO  : 'ps7_init' command is executed.
13:21:40 INFO  : 'ps7_post_config' command is executed.
13:21:41 INFO  : Context for processor 'ps7_cortexa9_0' is selected.
13:21:41 INFO  : The application '/home/andy/Downloads/Final_Project/Direct-Register-Mode-DMA/software/dma_host/Debug/dma_host.elf' is downloaded to processor 'ps7_cortexa9_0'.
13:21:41 INFO  : 'configparams force-mem-access 0' command is executed.
13:21:41 INFO  : ----------------XSDB Script----------------
connect -url tcp:127.0.0.1:3121
targets -set -nocase -filter {name =~"APU*"}
rst -system
after 3000
targets -set -filter {jtag_cable_name =~ "Digilent Zybo Z7 210351B3FED9A" && level==0 && jtag_device_ctx=="jsn-Zybo Z7-210351B3FED9A-13722093-0"}
fpga -file /home/andy/Downloads/Final_Project/Direct-Register-Mode-DMA/software/dma_host/_ide/bitstream/design_1_wrapper.bit
targets -set -nocase -filter {name =~"APU*"}
loadhw -hw /home/andy/Downloads/Final_Project/Direct-Register-Mode-DMA/software/dma_platform/export/dma_platform/hw/design_1_wrapper.xsa -mem-ranges [list {0x40000000 0xbfffffff}] -regs
configparams force-mem-access 1
targets -set -nocase -filter {name =~"APU*"}
source /home/andy/Downloads/Final_Project/Direct-Register-Mode-DMA/software/dma_host/_ide/psinit/ps7_init.tcl
ps7_init
ps7_post_config
targets -set -nocase -filter {name =~ "*A9*#0"}
dow /home/andy/Downloads/Final_Project/Direct-Register-Mode-DMA/software/dma_host/Debug/dma_host.elf
configparams force-mem-access 0
----------------End of Script----------------

13:21:41 INFO  : Context for processor 'ps7_cortexa9_0' is selected.
13:21:41 INFO  : 'con' command is executed.
13:21:41 INFO  : ----------------XSDB Script (After Launch)----------------
targets -set -nocase -filter {name =~ "*A9*#0"}
con
----------------End of Script----------------

13:21:41 INFO  : Launch script is exported to file '/home/andy/Downloads/Final_Project/Direct-Register-Mode-DMA/software/dma_host_system/_ide/scripts/debugger_dma_host-default.tcl'
13:22:48 INFO  : Disconnected from the channel tcfchan#2.
13:22:49 INFO  : Connected to target on host '127.0.0.1' and port '3121'.
13:22:49 INFO  : Jtag cable 'Digilent Zybo Z7 210351B3FED9A' is selected.
13:22:49 ERROR : port closed
13:22:49 INFO  : ----------------XSDB Script----------------
connect -url tcp:127.0.0.1:3121
----------------End of Script----------------

13:22:49 ERROR : port closed
13:22:55 INFO  : Connected to target on host '127.0.0.1' and port '3121'.
13:22:55 INFO  : Jtag cable 'Digilent Zybo Z7 210351B3FED9A' is selected.
13:22:55 INFO  : 'jtag frequency' command is executed.
13:22:55 INFO  : Context for 'APU' is selected.
13:22:55 INFO  : System reset is completed.
13:22:58 INFO  : 'after 3000' command is executed.
13:22:58 INFO  : 'targets -set -filter {jtag_cable_name =~ "Digilent Zybo Z7 210351B3FED9A" && level==0 && jtag_device_ctx=="jsn-Zybo Z7-210351B3FED9A-13722093-0"}' command is executed.
13:22:59 INFO  : Device configured successfully with "/home/andy/Downloads/Final_Project/Direct-Register-Mode-DMA/software/dma_host/_ide/bitstream/design_1_wrapper.bit"
13:22:59 INFO  : Context for 'APU' is selected.
13:22:59 INFO  : Hardware design and registers information is loaded from '/home/andy/Downloads/Final_Project/Direct-Register-Mode-DMA/software/dma_platform/export/dma_platform/hw/design_1_wrapper.xsa'.
13:22:59 INFO  : 'configparams force-mem-access 1' command is executed.
13:22:59 INFO  : Context for 'APU' is selected.
13:22:59 INFO  : Sourcing of '/home/andy/Downloads/Final_Project/Direct-Register-Mode-DMA/software/dma_host/_ide/psinit/ps7_init.tcl' is done.
13:23:00 INFO  : 'ps7_init' command is executed.
13:23:00 INFO  : 'ps7_post_config' command is executed.
13:23:00 INFO  : Context for processor 'ps7_cortexa9_0' is selected.
13:23:00 INFO  : The application '/home/andy/Downloads/Final_Project/Direct-Register-Mode-DMA/software/dma_host/Debug/dma_host.elf' is downloaded to processor 'ps7_cortexa9_0'.
13:23:00 INFO  : 'configparams force-mem-access 0' command is executed.
13:23:00 INFO  : ----------------XSDB Script----------------
connect -url tcp:127.0.0.1:3121
targets -set -nocase -filter {name =~"APU*"}
rst -system
after 3000
targets -set -filter {jtag_cable_name =~ "Digilent Zybo Z7 210351B3FED9A" && level==0 && jtag_device_ctx=="jsn-Zybo Z7-210351B3FED9A-13722093-0"}
fpga -file /home/andy/Downloads/Final_Project/Direct-Register-Mode-DMA/software/dma_host/_ide/bitstream/design_1_wrapper.bit
targets -set -nocase -filter {name =~"APU*"}
loadhw -hw /home/andy/Downloads/Final_Project/Direct-Register-Mode-DMA/software/dma_platform/export/dma_platform/hw/design_1_wrapper.xsa -mem-ranges [list {0x40000000 0xbfffffff}] -regs
configparams force-mem-access 1
targets -set -nocase -filter {name =~"APU*"}
source /home/andy/Downloads/Final_Project/Direct-Register-Mode-DMA/software/dma_host/_ide/psinit/ps7_init.tcl
ps7_init
ps7_post_config
targets -set -nocase -filter {name =~ "*A9*#0"}
dow /home/andy/Downloads/Final_Project/Direct-Register-Mode-DMA/software/dma_host/Debug/dma_host.elf
configparams force-mem-access 0
----------------End of Script----------------

13:23:00 INFO  : Context for processor 'ps7_cortexa9_0' is selected.
13:23:00 INFO  : 'con' command is executed.
13:23:00 INFO  : ----------------XSDB Script (After Launch)----------------
targets -set -nocase -filter {name =~ "*A9*#0"}
con
----------------End of Script----------------

13:23:00 INFO  : Launch script is exported to file '/home/andy/Downloads/Final_Project/Direct-Register-Mode-DMA/software/dma_host_system/_ide/scripts/debugger_dma_host-default.tcl'
13:23:28 INFO  : Disconnected from the channel tcfchan#3.
